<?xml version="1.0" encoding="UTF-8" ?>
<testsuites>
<testsuite name="MathUtils" errors="0" tests="7" failures="0" time="0.016" timestamp="2016-10-18T10:14:06">
  <testcase classname="MathUtils" name="Is your function named isNumeric with an input argument? isNumeric = function(x)" time="0.016"></testcase>
  <testcase classname="MathUtils" name="Is the input argument of your isNumeric function named x? isNumeric = function(x)" time="0"></testcase>
  <testcase classname="MathUtils" name="Did you remember the return statment?" time="0"></testcase>
  <testcase classname="MathUtils" name="Remember to use isNaN() and include the ! like this: return !isNaN(whatever)" time="0"></testcase>
  <testcase classname="MathUtils" name="Remember to use parseFloat() to fix the input of isNaN like this: return !isNaN(parseFloat(x))" time="0"></testcase>
  <testcase classname="MathUtils" name="The isFinite() function is required since the calculator is unable to handle inifinate numbers also to check with two functions use the &amp;&amp; like this: return !isNaN(parseFloat(x)) &amp;&amp; isFinite(x)" time="0"></testcase>
  <testcase classname="MathUtils" name="Your answer is wrong" time="0"></testcase>
</testsuite>
</testsuites>